生成启动时间为 2014/9/1 16:47:13。
     1>项目“Z:\I\设计模式\设计模式\设计模式\设计模式.vcxproj”在节点 2 上(Build 个目标)。
     1>ClCompile:
         C:\Program Files\Microsoft Visual Studio 12.0\VC\bin\CL.exe /c /ZI /nologo /W3 /WX- /sdl /Od /Oy- /D _UNICODE /D UNICODE /Gm /EHsc /RTC1 /MDd /GS /fp:precise /Zc:wchar_t /Zc:forScope /Fo"Debug\\" /Fd"Debug\vc120.pdb" /Gd /TP /analyze- /errorReport:prompt "hecheng模式.cpp"
         hecheng模式.cpp
       Link:
         C:\Program Files\Microsoft Visual Studio 12.0\VC\bin\link.exe /ERRORREPORT:PROMPT /OUT:"Z:\I\设计模式\设计模式\Debug\设计模式.exe" /INCREMENTAL /NOLOGO kernel32.lib user32.lib gdi32.lib winspool.lib comdlg32.lib advapi32.lib shell32.lib ole32.lib oleaut32.lib uuid.lib odbc32.lib odbccp32.lib /MANIFEST /MANIFESTUAC:"level='asInvoker' uiAccess='false'" /manifest:embed /DEBUG /PDB:"Z:\I\设计模式\设计模式\Debug\设计模式.pdb" /TLBID:1 /DYNAMICBASE /NXCOMPAT /IMPLIB:"Z:\I\设计模式\设计模式\Debug\设计模式.lib" /MACHINE:X86 "Debug\21中介者模式.obj"
         "Debug\18享元模式.obj"
         "Debug\7单例模式.obj"
         "Debug\19原型模式.obj"
         "Debug\13命令模式.obj"
         "Debug\1备忘录模式.obj"
         "Debug\17外观模式.obj"
         "Debug\4工厂方法模式.obj"
         "Debug\11建造者模式.obj"
         "Debug\3抽象工厂.obj"
         "Debug\15桥接模式.obj"
         "Debug\14模板模式.obj"
         "Debug\22状态模式.obj"
         "Debug\2策略模式.obj"
         "Debug\5简单工厂模式.obj"
         "Debug\hecheng模式.obj"
         "Debug\22装饰模式.obj"
         "Debug\10观察者模式.obj"
         "Debug\12解释器模式.obj"
         "Debug\6代理.obj"
         "Debug\9访问者模式.obj"
         "Debug\20责任链模式.obj"
         "Debug\8迭代器模式.obj"
         "Debug\16适配器模式.obj"
         设计模式.vcxproj -> Z:\I\设计模式\设计模式\Debug\设计模式.exe
     1>已完成生成项目“Z:\I\设计模式\设计模式\设计模式\设计模式.vcxproj”(Build 个目标)的操作。

生成成功。

已用时间 00:00:07.99
